Arguments: 
  /usr/local/bin/node /usr/local/Cellar/yarn/1.5.1_1/libexec/bin/yarn.js build

PATH: 
  /usr/local/sbin:/usr/local/bin:/usr/bin:/bin:/usr/sbin:/sbin:/WebServer/ui-modules/node_modules/.bin:/WebServer/phalcon-devtools

Yarn version: 
  1.5.1

Node version: 
  10.5.0

Platform: 
  darwin x64

npm manifest: 
  {
    "name": "ui-modules",
    "version": "1.0.0",
    "main": "lib/index.js",
    "scripts": {
      "build": "parcel build src/index.js --out-dir lib"
    },
    "keywords": [],
    "author": "dev@opera-energie.com",
    "license": "ISC",
    "description": "Scripts",
    "devDependencies": {
      "@babel/core": "^7.2.2",
      "@babel/preset-env": "^7.2.0",
      "babel-eslint": "^10.0.1",
      "babel-plugin-transform-es2015-modules-commonjs": "^6.26.2",
      "eslint": "^5.10.0",
      "parcel": "^1.10.3",
      "prettier": "^1.15.3"
    },
    "dependencies": {
      "css": "^2.2.4"
    }
  }

yarn manifest: 
  No manifest

Lockfile: 
  No lockfile

Trace: 
  Error: Command failed.
  Exit code: 1
  Command: sh
  Arguments: -c parcel build src/index.js --out-dir lib
  Directory: /WebServer/ui-modules
  Output:
  
      at ProcessTermError.MessageError (/usr/local/Cellar/yarn/1.5.1_1/libexec/lib/cli.js:186:110)
      at new ProcessTermError (/usr/local/Cellar/yarn/1.5.1_1/libexec/lib/cli.js:226:113)
      at ChildProcess.<anonymous> (/usr/local/Cellar/yarn/1.5.1_1/libexec/lib/cli.js:30281:17)
      at ChildProcess.emit (events.js:182:13)
      at maybeClose (internal/child_process.js:961:16)
      at Process.ChildProcess._handle.onexit (internal/child_process.js:248:5)
